\BOOKMARK [1][-]{section.0}{Header}{}% 1
\BOOKMARK [2][-]{subsection.0.1}{pbds}{section.0}% 2
\BOOKMARK [3][-]{subsubsection.0.1.1}{head}{subsection.0.1}% 3
\BOOKMARK [2][-]{subsection.0.2}{FastIO}{section.0}% 4
\BOOKMARK [3][-]{subsubsection.0.2.1}{FastScanner}{subsection.0.2}% 5
\BOOKMARK [3][-]{subsubsection.0.2.2}{FastPowAndAdd}{subsection.0.2}% 6
\BOOKMARK [2][-]{subsection.0.3}{header}{section.0}% 7
\BOOKMARK [1][-]{section.1}{Math}{}% 8
\BOOKMARK [2][-]{subsection.1.1}{素数}{section.1}% 9
\BOOKMARK [3][-]{subsubsection.1.1.1}{Eratosthenes筛法}{subsection.1.1}% 10
\BOOKMARK [3][-]{subsubsection.1.1.2}{Euler筛}{subsection.1.1}% 11
\BOOKMARK [3][-]{subsubsection.1.1.3}{MillerRabin素性测试}{subsection.1.1}% 12
\BOOKMARK [3][-]{subsubsection.1.1.4}{PollardRho快速因数分解}{subsection.1.1}% 13
\BOOKMARK [2][-]{subsection.1.2}{约数}{section.1}% 14
\BOOKMARK [3][-]{subsubsection.1.2.1}{EulerPhi}{subsection.1.2}% 15
\BOOKMARK [3][-]{subsubsection.1.2.2}{Sieve}{subsection.1.2}% 16
\BOOKMARK [3][-]{subsubsection.1.2.3}{gcd}{subsection.1.2}% 17
\BOOKMARK [3][-]{subsubsection.1.2.4}{解乘法逆元}{subsection.1.2}% 18
\BOOKMARK [2][-]{subsection.1.3}{同余}{section.1}% 19
\BOOKMARK [3][-]{subsubsection.1.3.1}{扩展欧几里得算法}{subsection.1.3}% 20
\BOOKMARK [3][-]{subsubsection.1.3.2}{中国剩余定理}{subsection.1.3}% 21
\BOOKMARK [3][-]{subsubsection.1.3.3}{扩展中国剩余定理}{subsection.1.3}% 22
\BOOKMARK [3][-]{subsubsection.1.3.4}{BSGS}{subsection.1.3}% 23
\BOOKMARK [3][-]{subsubsection.1.3.5}{逆元}{subsection.1.3}% 24
\BOOKMARK [3][-]{subsubsection.1.3.6}{模素数二次同余方程}{subsection.1.3}% 25
\BOOKMARK [2][-]{subsection.1.4}{矩阵与线性方程组}{section.1}% 26
\BOOKMARK [3][-]{subsubsection.1.4.1}{矩阵快速幂}{subsection.1.4}% 27
\BOOKMARK [3][-]{subsubsection.1.4.2}{高斯消元}{subsection.1.4}% 28
\BOOKMARK [3][-]{subsubsection.1.4.3}{线性基}{subsection.1.4}% 29
\BOOKMARK [2][-]{subsection.1.5}{组合数学}{section.1}% 30
\BOOKMARK [3][-]{subsubsection.1.5.1}{Lucas}{subsection.1.5}% 31
\BOOKMARK [3][-]{subsubsection.1.5.2}{小模数组合数}{subsection.1.5}% 32
\BOOKMARK [3][-]{subsubsection.1.5.3}{递推组合数}{subsection.1.5}% 33
\BOOKMARK [3][-]{subsubsection.1.5.4}{大模数组合数}{subsection.1.5}% 34
\BOOKMARK [2][-]{subsection.1.6}{卷积}{section.1}% 35
\BOOKMARK [3][-]{subsubsection.1.6.1}{FFT}{subsection.1.6}% 36
\BOOKMARK [3][-]{subsubsection.1.6.2}{NTT}{subsection.1.6}% 37
\BOOKMARK [3][-]{subsubsection.1.6.3}{原根}{subsection.1.6}% 38
\BOOKMARK [2][-]{subsection.1.7}{多项式}{section.1}% 39
\BOOKMARK [3][-]{subsubsection.1.7.1}{拉格朗日插值}{subsection.1.7}% 40
\BOOKMARK [3][-]{subsubsection.1.7.2}{拉格朗日插值\(连续取值\)}{subsection.1.7}% 41
\BOOKMARK [2][-]{subsection.1.8}{Others}{section.1}% 42
\BOOKMARK [3][-]{subsubsection.1.8.1}{BM}{subsection.1.8}% 43
\BOOKMARK [3][-]{subsubsection.1.8.2}{exBM}{subsection.1.8}% 44
\BOOKMARK [1][-]{section.2}{Graph\040Theory}{}% 45
\BOOKMARK [2][-]{subsection.2.1}{路径}{section.2}% 46
\BOOKMARK [3][-]{subsubsection.2.1.1}{Dijkstra}{subsection.2.1}% 47
\BOOKMARK [3][-]{subsubsection.2.1.2}{Euler\040Path}{subsection.2.1}% 48
\BOOKMARK [3][-]{subsubsection.2.1.3}{K-shortest\040Path}{subsection.2.1}% 49
\BOOKMARK [2][-]{subsection.2.2}{生成树}{section.2}% 50
\BOOKMARK [3][-]{subsubsection.2.2.1}{Kruskal}{subsection.2.2}% 51
\BOOKMARK [3][-]{subsubsection.2.2.2}{Prim}{subsection.2.2}% 52
\BOOKMARK [3][-]{subsubsection.2.2.3}{最小树形图}{subsection.2.2}% 53
\BOOKMARK [3][-]{subsubsection.2.2.4}{Matrix\040Tree}{subsection.2.2}% 54
\BOOKMARK [2][-]{subsection.2.3}{连通性}{section.2}% 55
\BOOKMARK [3][-]{subsubsection.2.3.1}{割点}{subsection.2.3}% 56
\BOOKMARK [3][-]{subsubsection.2.3.2}{桥}{subsection.2.3}% 57
\BOOKMARK [3][-]{subsubsection.2.3.3}{强连通分量}{subsection.2.3}% 58
\BOOKMARK [2][-]{subsection.2.4}{二分图匹配}{section.2}% 59
\BOOKMARK [3][-]{subsubsection.2.4.1}{Hungary\040Algorithm}{subsection.2.4}% 60
\BOOKMARK [3][-]{subsubsection.2.4.2}{Hopcroft-karp\040Algorithm}{subsection.2.4}% 61
\BOOKMARK [3][-]{subsubsection.2.4.3}{二分图多重匹配}{subsection.2.4}% 62
\BOOKMARK [3][-]{subsubsection.2.4.4}{二分图最大权匹配\(KM算法\)}{subsection.2.4}% 63
\BOOKMARK [3][-]{subsubsection.2.4.5}{一般图匹配带花树}{subsection.2.4}% 64
\BOOKMARK [2][-]{subsection.2.5}{网络流}{section.2}% 65
\BOOKMARK [3][-]{subsubsection.2.5.1}{Dinic}{subsection.2.5}% 66
\BOOKMARK [3][-]{subsubsection.2.5.2}{ISAP}{subsection.2.5}% 67
\BOOKMARK [3][-]{subsubsection.2.5.3}{MCMF}{subsection.2.5}% 68
\BOOKMARK [3][-]{subsubsection.2.5.4}{Trick}{subsection.2.5}% 69
\BOOKMARK [2][-]{subsection.2.6}{Others}{section.2}% 70
\BOOKMARK [3][-]{subsubsection.2.6.1}{拓扑排序}{subsection.2.6}% 71
\BOOKMARK [3][-]{subsubsection.2.6.2}{2-SAT}{subsection.2.6}% 72
\BOOKMARK [3][-]{subsubsection.2.6.3}{差分约束系统}{subsection.2.6}% 73
\BOOKMARK [1][-]{section.3}{DataStructrue}{}% 74
\BOOKMARK [2][-]{subsection.3.1}{SegmentTreeDS}{section.3}% 75
\BOOKMARK [3][-]{subsubsection.3.1.1}{SegmentTree}{subsection.3.1}% 76
\BOOKMARK [3][-]{subsubsection.3.1.2}{离散化区间}{subsection.3.1}% 77
\BOOKMARK [3][-]{subsubsection.3.1.3}{动态区间最大子段和}{subsection.3.1}% 78
\BOOKMARK [3][-]{subsubsection.3.1.4}{动态开点权值线段树}{subsection.3.1}% 79
\BOOKMARK [2][-]{subsection.3.2}{HLD}{section.3}% 80
\BOOKMARK [3][-]{subsubsection.3.2.1}{HLD}{subsection.3.2}% 81
\BOOKMARK [2][-]{subsection.3.3}{RMQ}{section.3}% 82
\BOOKMARK [3][-]{subsubsection.3.3.1}{RMQ}{subsection.3.3}% 83
\BOOKMARK [3][-]{subsubsection.3.3.2}{RMQbyIndex}{subsection.3.3}% 84
\BOOKMARK [3][-]{subsubsection.3.3.3}{RMQinNM}{subsection.3.3}% 85
\BOOKMARK [2][-]{subsection.3.4}{MO}{section.3}% 86
\BOOKMARK [3][-]{subsubsection.3.4.1}{MO}{subsection.3.4}% 87
\BOOKMARK [3][-]{subsubsection.3.4.2}{MObyModify}{subsection.3.4}% 88
\BOOKMARK [2][-]{subsection.3.5}{VirtualTree}{section.3}% 89
\BOOKMARK [3][-]{subsubsection.3.5.1}{VirtualTree}{subsection.3.5}% 90
\BOOKMARK [2][-]{subsection.3.6}{PersistentDS}{section.3}% 91
\BOOKMARK [3][-]{subsubsection.3.6.1}{主席树区间k大}{subsection.3.6}% 92
\BOOKMARK [3][-]{subsubsection.3.6.2}{可持久化数组}{subsection.3.6}% 93
\BOOKMARK [2][-]{subsection.3.7}{Tree}{section.3}% 94
\BOOKMARK [3][-]{subsubsection.3.7.1}{LCA}{subsection.3.7}% 95
\BOOKMARK [3][-]{subsubsection.3.7.2}{前向星}{subsection.3.7}% 96
\BOOKMARK [3][-]{subsubsection.3.7.3}{点分治}{subsection.3.7}% 97
\BOOKMARK [2][-]{subsection.3.8}{Others}{section.3}% 98
\BOOKMARK [3][-]{subsubsection.3.8.1}{BITinNM}{subsection.3.8}% 99
\BOOKMARK [3][-]{subsubsection.3.8.2}{静态区间k大划分树}{subsection.3.8}% 100
\BOOKMARK [1][-]{section.4}{Geometry}{}% 101
\BOOKMARK [2][-]{subsection.4.1}{Class}{section.4}% 102
\BOOKMARK [3][-]{subsubsection.4.1.1}{geo}{subsection.4.1}% 103
\BOOKMARK [3][-]{subsubsection.4.1.2}{3D凸包}{subsection.4.1}% 104
\BOOKMARK [1][-]{section.5}{String}{}% 105
\BOOKMARK [2][-]{subsection.5.1}{KMP}{section.5}% 106
\BOOKMARK [3][-]{subsubsection.5.1.1}{KMP}{subsection.5.1}% 107
\BOOKMARK [3][-]{subsubsection.5.1.2}{exKMP}{subsection.5.1}% 108
\BOOKMARK [2][-]{subsection.5.2}{Trie}{section.5}% 109
\BOOKMARK [3][-]{subsubsection.5.2.1}{Trie}{subsection.5.2}% 110
\BOOKMARK [3][-]{subsubsection.5.2.2}{Persistence\040Trie}{subsection.5.2}% 111
\BOOKMARK [3][-]{subsubsection.5.2.3}{01Trie}{subsection.5.2}% 112
\BOOKMARK [2][-]{subsection.5.3}{Manachar}{section.5}% 113
\BOOKMARK [3][-]{subsubsection.5.3.1}{Manacher}{subsection.5.3}% 114
\BOOKMARK [2][-]{subsection.5.4}{Aho-Corasick\040Automation}{section.5}% 115
\BOOKMARK [3][-]{subsubsection.5.4.1}{AC\040Automation}{subsection.5.4}% 116
\BOOKMARK [2][-]{subsection.5.5}{Suffix\040Array}{section.5}% 117
\BOOKMARK [3][-]{subsubsection.5.5.1}{Suffix\040Array}{subsection.5.5}% 118
\BOOKMARK [2][-]{subsection.5.6}{PalindromicTree}{section.5}% 119
\BOOKMARK [3][-]{subsubsection.5.6.1}{PalindromicTree}{subsection.5.6}% 120
\BOOKMARK [2][-]{subsection.5.7}{Hash}{section.5}% 121
\BOOKMARK [3][-]{subsubsection.5.7.1}{hash}{subsection.5.7}% 122
\BOOKMARK [3][-]{subsubsection.5.7.2}{doubleHash}{subsection.5.7}% 123
\BOOKMARK [3][-]{subsubsection.5.7.3}{二维hash}{subsection.5.7}% 124
\BOOKMARK [3][-]{subsubsection.5.7.4}{树hash同构}{subsection.5.7}% 125
\BOOKMARK [2][-]{subsection.5.8}{Suffix\040Automation}{section.5}% 126
\BOOKMARK [3][-]{subsubsection.5.8.1}{SAM}{subsection.5.8}% 127
\BOOKMARK [2][-]{subsection.5.9}{Others}{section.5}% 128
\BOOKMARK [3][-]{subsubsection.5.9.1}{最小表示法}{subsection.5.9}% 129
\BOOKMARK [1][-]{section.6}{dp}{}% 130
\BOOKMARK [2][-]{subsection.6.1}{BitDP}{section.6}% 131
\BOOKMARK [3][-]{subsubsection.6.1.1}{数位dp计和}{subsection.6.1}% 132
\BOOKMARK [3][-]{subsubsection.6.1.2}{两个数数位dp}{subsection.6.1}% 133
\BOOKMARK [2][-]{subsection.6.2}{Subsequence}{section.6}% 134
\BOOKMARK [3][-]{subsubsection.6.2.1}{MaxSum}{subsection.6.2}% 135
\BOOKMARK [3][-]{subsubsection.6.2.2}{LIS}{subsection.6.2}% 136
\BOOKMARK [3][-]{subsubsection.6.2.3}{LongestCommonIncrease}{subsection.6.2}% 137
\BOOKMARK [3][-]{subsubsection.6.2.4}{LCS}{subsection.6.2}% 138
\BOOKMARK [2][-]{subsection.6.3}{Others}{section.6}% 139
\BOOKMARK [3][-]{subsubsection.6.3.1}{矩阵快速幂}{subsection.6.3}% 140
\BOOKMARK [1][-]{section.7}{Others}{}% 141
\BOOKMARK [2][-]{subsection.7.1}{mint类}{section.7}% 142
\BOOKMARK [2][-]{subsection.7.2}{不重叠区间贪心}{section.7}% 143
\BOOKMARK [2][-]{subsection.7.3}{BigInt类}{section.7}% 144
\BOOKMARK [2][-]{subsection.7.4}{date}{section.7}% 145
\BOOKMARK [2][-]{subsection.7.5}{Frac类}{section.7}% 146
\BOOKMARK [2][-]{subsection.7.6}{模拟退火\(最小圆覆盖\)}{section.7}% 147
\BOOKMARK [2][-]{subsection.7.7}{string类}{section.7}% 148
\BOOKMARK [2][-]{subsection.7.8}{前缀异或和}{section.7}% 149
